nohup: ignoring input

> altus-loan-application-portal@1.0.0 start
> react-scripts start

[baseline-browser-mapping] The data in this module is over two months old.  To ensure accurate Baseline data, please update: `npm i baseline-browser-mapping@latest -D`
Attempting to bind to HOST environment variable: 0.0.0.0
If this was unintentional, check that you haven't mistakenly set it in your shell.
Learn more here: https://cra.link/advanced-config

🔧 Mock mode enabled - skipping API proxy setup
(node:63792) [DEP_WEBPACK_DEV_SERVER_ON_AFTER_SETUP_MIDDLEWARE] DeprecationWarning: 'onAfterSetupMiddleware' option is deprecated. Please use the 'setupMiddlewares' option.
(Use `node --trace-deprecation ...` to show where the warning was created)
(node:63792) [DEP_WEBPACK_DEV_SERVER_ON_BEFORE_SETUP_MIDDLEWARE] DeprecationWarning: 'onBeforeSetupMiddleware' option is deprecated. Please use the 'setupMiddlewares' option.
Starting the development server...

Compiled with warnings.

[eslint] 
src/api/apiTester.ts
  Line 7:3:  'updateBearerToken' is defined but never used  @typescript-eslint/no-unused-vars
  Line 8:3:  'clearBearerToken' is defined but never used   @typescript-eslint/no-unused-vars

src/components/tracking/LoanStatusTracker.tsx
  Line 6:3:    'Stepper' is defined but never used                 @typescript-eslint/no-unused-vars
  Line 7:3:    'Step' is defined but never used                    @typescript-eslint/no-unused-vars
  Line 8:3:    'StepLabel' is defined but never used               @typescript-eslint/no-unused-vars
  Line 9:3:    'StepContent' is defined but never used             @typescript-eslint/no-unused-vars
  Line 25:13:  'RejectedIcon' is defined but never used            @typescript-eslint/no-unused-vars
  Line 26:12:  'ErrorIcon' is defined but never used               @typescript-eslint/no-unused-vars
  Line 38:11:  'StatusStep' is defined but never used              @typescript-eslint/no-unused-vars
  Line 45:7:   'statusSteps' is assigned a value but never used    @typescript-eslint/no-unused-vars
  Line 149:9:  'getStepStatus' is assigned a value but never used  @typescript-eslint/no-unused-vars
  Line 164:9:  'getActiveStep' is assigned a value but never used  @typescript-eslint/no-unused-vars

src/components/wizard/WizardDataContext.tsx
  Line 2:10:  'Customer' is defined but never used  @typescript-eslint/no-unused-vars

src/components/wizard/steps/CustomerStep.tsx
  Line 15:21:  'citiesByProvince' is defined but never used       @typescript-eslint/no-unused-vars
  Line 15:39:  'branchByProvince' is defined but never used       @typescript-eslint/no-unused-vars
  Line 24:20:  'handleSubmit' is assigned a value but never used  @typescript-eslint/no-unused-vars
  Line 110:9:  'onValid' is assigned a value but never used       @typescript-eslint/no-unused-vars

src/components/wizard/steps/DocumentsStep.tsx
  Line 26:70:   'loan' is assigned a value but never used                @typescript-eslint/no-unused-vars
  Line 256:68:  Unnecessary escape character: \-                         no-useless-escape
  Line 511:9:   'updatePendingCount' is assigned a value but never used  @typescript-eslint/no-unused-vars

src/constants/bankBranches.ts
  Line 294:1:  Assign object to a variable before exporting as module default  import/no-anonymous-default-export

src/constants/locationConstants.ts
  Line 202:1:  Assign object to a variable before exporting as module default  import/no-anonymous-default-export

src/context/AltusContext.tsx
  Line 6:3:   'LoanDetailsResponse' is defined but never used      @typescript-eslint/no-unused-vars
  Line 9:3:   'CustomerDetailsResponse' is defined but never used  @typescript-eslint/no-unused-vars
  Line 11:3:  'LoanRequestResponse' is defined but never used      @typescript-eslint/no-unused-vars

src/hooks/useUATWorkflow.ts
  Line 208:6:  React Hook useCallback has a missing dependency: 'setLoan'. Either include it or remove the dependency array  react-hooks/exhaustive-deps

src/test/uatWorkflowTest.ts
  Line 21:7:  'customerId' is defined but never used  @typescript-eslint/no-unused-vars

Search for the keywords to learn more about each warning.
To ignore, add // eslint-disable-next-line to the line before.

WARNING in [eslint] 
src/api/apiTester.ts
  Line 7:3:  'updateBearerToken' is defined but never used  @typescript-eslint/no-unused-vars
  Line 8:3:  'clearBearerToken' is defined but never used   @typescript-eslint/no-unused-vars

src/components/tracking/LoanStatusTracker.tsx
  Line 6:3:    'Stepper' is defined but never used                 @typescript-eslint/no-unused-vars
  Line 7:3:    'Step' is defined but never used                    @typescript-eslint/no-unused-vars
  Line 8:3:    'StepLabel' is defined but never used               @typescript-eslint/no-unused-vars
  Line 9:3:    'StepContent' is defined but never used             @typescript-eslint/no-unused-vars
  Line 25:13:  'RejectedIcon' is defined but never used            @typescript-eslint/no-unused-vars
  Line 26:12:  'ErrorIcon' is defined but never used               @typescript-eslint/no-unused-vars
  Line 38:11:  'StatusStep' is defined but never used              @typescript-eslint/no-unused-vars
  Line 45:7:   'statusSteps' is assigned a value but never used    @typescript-eslint/no-unused-vars
  Line 149:9:  'getStepStatus' is assigned a value but never used  @typescript-eslint/no-unused-vars
  Line 164:9:  'getActiveStep' is assigned a value but never used  @typescript-eslint/no-unused-vars

src/components/wizard/WizardDataContext.tsx
  Line 2:10:  'Customer' is defined but never used  @typescript-eslint/no-unused-vars

src/components/wizard/steps/CustomerStep.tsx
  Line 15:21:  'citiesByProvince' is defined but never used       @typescript-eslint/no-unused-vars
  Line 15:39:  'branchByProvince' is defined but never used       @typescript-eslint/no-unused-vars
  Line 24:20:  'handleSubmit' is assigned a value but never used  @typescript-eslint/no-unused-vars
  Line 110:9:  'onValid' is assigned a value but never used       @typescript-eslint/no-unused-vars

src/components/wizard/steps/DocumentsStep.tsx
  Line 26:70:   'loan' is assigned a value but never used                @typescript-eslint/no-unused-vars
  Line 256:68:  Unnecessary escape character: \-                         no-useless-escape
  Line 511:9:   'updatePendingCount' is assigned a value but never used  @typescript-eslint/no-unused-vars

src/constants/bankBranches.ts
  Line 294:1:  Assign object to a variable before exporting as module default  import/no-anonymous-default-export

src/constants/locationConstants.ts
  Line 202:1:  Assign object to a variable before exporting as module default  import/no-anonymous-default-export

src/context/AltusContext.tsx
  Line 6:3:   'LoanDetailsResponse' is defined but never used      @typescript-eslint/no-unused-vars
  Line 9:3:   'CustomerDetailsResponse' is defined but never used  @typescript-eslint/no-unused-vars
  Line 11:3:  'LoanRequestResponse' is defined but never used      @typescript-eslint/no-unused-vars

src/hooks/useUATWorkflow.ts
  Line 208:6:  React Hook useCallback has a missing dependency: 'setLoan'. Either include it or remove the dependency array  react-hooks/exhaustive-deps

src/test/uatWorkflowTest.ts
  Line 21:7:  'customerId' is defined but never used  @typescript-eslint/no-unused-vars

webpack compiled with 1 warning
No issues found.
